<?xml version="1.0" encoding="UTF-8"?>
<!-- Generated by org.testng.reporters.JUnitXMLReporter -->
<testsuite ignored="0" hostname="RABIUL" failures="0" tests="4" name="Default test" time="0.062" errors="0" timestamp="2024-06-03T22:20:18 IST">
  <testcase classname="DemoMaven.DemoMavenId.DataProviderDemo" name="loginTest" time="0.007"/>
  <testcase classname="DemoMaven.DemoMavenId.DataProviderDemo" name="loginTest" time="0.003"/>
  <testcase classname="DemoMaven.DemoMavenId.DataProviderDemo" name="loginTest" time="0.0"/>
  <testcase classname="DemoMaven.DemoMavenId.DataProviderDemo" name="loginTest" time="0.005"/>
</testsuite> <!-- Default test -->
