<?xml version="1.0" encoding="UTF-8"?>
<!-- Generated by org.testng.reporters.JUnitXMLReporter -->
<testsuite ignored="1" hostname="RABIUL" failures="0" tests="6" name="Default test" time="26.85" errors="0" timestamp="2024-04-20T21:01:52 IST">
  <testcase classname="DemoMaven.DemoMavenId.SeleniumPratice2" name="pressKeyWithActions" time="8.429"/>
  <testcase classname="DemoMaven.DemoMavenId.SeleniumPratice2" name="workingwithjavascript" time="18.35"/>
  <testcase classname="DemoMaven.DemoMavenId.SeleniumPratice2" name="TestnAssetTest" time="0.001"/>
  <testcase classname="DemoMaven.DemoMavenId.SeleniumPratice2" name="HomePage" time="0.0"/>
  <testcase classname="DemoMaven.DemoMavenId.SeleniumPratice2" name="applicationURLtest" time="0.0"/>
  <testcase classname="DemoMaven.DemoMavenId.SeleniumPratice2" name="LoginTest" time="0.0"/>
  <testcase classname="DemoMaven.DemoMavenId.SeleniumPratice2" name="workwithcookies" time="0.0">
    <ignored/>
  </testcase> <!-- workwithcookies -->
</testsuite> <!-- Default test -->
