<?xml version="1.0" encoding="UTF-8"?>
<!-- Generated by org.testng.reporters.JUnitXMLReporter -->
<testsuite ignored="1" hostname="RABIUL" failures="0" tests="1" name="advanceSeleniumfeatures" time="7.25" errors="0" timestamp="2024-04-22T15:58:58 IST">
  <testcase classname="DemoMaven.DemoMavenId.advanceSeleniumfeatures" name="opennewTab" time="7.247"/>
  <testcase classname="DemoMaven.DemoMavenId.advanceSeleniumfeatures" name="opennewwindow" time="0.0">
    <ignored/>
  </testcase> <!-- opennewwindow -->
</testsuite> <!-- advanceSeleniumfeatures -->
