<?xml version="1.0" encoding="UTF-8"?>
<!-- Generated by org.testng.reporters.JUnitXMLReporter -->
<testsuite ignored="2" hostname="RABIUL" failures="0" tests="1" name="advanceSeleniumfeatures" time="17.06" errors="0" timestamp="2024-04-22T20:26:26 IST">
  <testcase classname="DemoMaven.DemoMavenId.advanceSeleniumfeatures" name="popupAuthentication" time="17.056"/>
  <testcase classname="DemoMaven.DemoMavenId.advanceSeleniumfeatures" name="opennewTab" time="0.0">
    <ignored/>
  </testcase> <!-- opennewTab -->
  <testcase classname="DemoMaven.DemoMavenId.advanceSeleniumfeatures" name="opennewwindow" time="0.0">
    <ignored/>
  </testcase> <!-- opennewwindow -->
</testsuite> <!-- advanceSeleniumfeatures -->
