<?xml version="1.0" encoding="UTF-8"?>
<!-- Generated by org.testng.reporters.JUnitXMLReporter -->
<testsuite ignored="0" hostname="RABIUL" failures="1" tests="1" name="fileUploadTest" time="12.142" errors="0" timestamp="2024-04-22T15:57:49 IST">
  <testcase classname="DemoMaven.DemoMavenId.fileUploadTest" name="fileUploadTest" time="12.133">
    <failure type="java.lang.AssertionError" message="expected [http://the-internet.herokuapp.com/upload] but found [https://the-internet.herokuapp.com/upload]">
      <![CDATA[java.lang.AssertionError: expected [http://the-internet.herokuapp.com/upload] but found [https://the-internet.herokuapp.com/upload]
at PageObject.fileUploadPageObject.openfileUpload(fileUploadPageObject.java:19)
at DemoMaven.DemoMavenId.fileUploadTest.fileUploadTest(fileUploadTest.java:19)
at java.base/java.util.ArrayList.forEach(ArrayList.java:1511)
... Removed 33 stack frames]]>
    </failure>
  </testcase> <!-- fileUploadTest -->
</testsuite> <!-- fileUploadTest -->
