<?xml version="1.0" encoding="UTF-8"?>
<!-- Generated by org.testng.reporters.JUnitXMLReporter -->
<testsuite ignored="2" hostname="RABIUL" failures="0" tests="1" name="advanceSeleniumfeatures" time="4.571" errors="0" timestamp="2024-08-25T20:13:33 IST">
  <testcase classname="DemoMaven.DemoMavenId.advanceSeleniumfeatures" name="opennewTab" time="4.569"/>
  <testcase classname="DemoMaven.DemoMavenId.advanceSeleniumfeatures" name="opennewwindow" time="0.0">
    <ignored/>
  </testcase> <!-- opennewwindow -->
  <testcase classname="DemoMaven.DemoMavenId.advanceSeleniumfeatures" name="popupAuthentication" time="0.0">
    <ignored/>
  </testcase> <!-- popupAuthentication -->
</testsuite> <!-- advanceSeleniumfeatures -->
