<?xml version="1.0" encoding="UTF-8"?>
<!-- Generated by org.testng.reporters.JUnitXMLReporter -->
<testsuite ignored="2" hostname="RABIUL" failures="0" tests="1" name="advanceSeleniumfeatures" time="5.16" errors="0" timestamp="2026-03-10T15:33:10 IST">
  <testcase classname="DemoMaven.DemoMavenId.advanceSeleniumfeatures" name="opennewTab" time="5.157"/>
  <testcase classname="DemoMaven.DemoMavenId.advanceSeleniumfeatures" name="popupAuthentication" time="0.0">
    <ignored/>
  </testcase> <!-- popupAuthentication -->
  <testcase classname="DemoMaven.DemoMavenId.advanceSeleniumfeatures" name="opennewwindow" time="0.0">
    <ignored/>
  </testcase> <!-- opennewwindow -->
</testsuite> <!-- advanceSeleniumfeatures -->
