<?xml version="1.0" encoding="UTF-8"?>
<!-- Generated by org.testng.reporters.JUnitXMLReporter -->
<testsuite ignored="0" hostname="RABIUL" failures="1" tests="1" name="WebTableTest" time="6.363" errors="0" timestamp="2026-03-10T15:33:17 IST">
  <testcase classname="DemoMaven.DemoMavenId.Webtable" name="webtableTest" time="6.353">
    <failure type="java.lang.AssertionError" message="Column size is not match with expected expected [6] but found [5]">
      <![CDATA[java.lang.AssertionError: Column size is not match with expected expected [6] but found [5]
at DemoMaven.DemoMavenId.Webtable.webtableTest(Webtable.java:33)
at java.base/java.util.ArrayList.forEach(ArrayList.java:1511)
... Removed 33 stack frames]]>
    </failure>
  </testcase> <!-- webtableTest -->
</testsuite> <!-- WebTableTest -->
