<?xml version="1.0" encoding="UTF-8"?>
<!-- Generated by org.testng.reporters.JUnitXMLReporter -->
<testsuite ignored="0" hostname="RABIUL" failures="0" tests="2" name="NegativeLogInTests" time="25.352" errors="0" timestamp="2024-03-16T14:10:11 IST">
  <testcase classname="DemoMaven.DemoMavenId.NegativeLogInTests" name="negativeLogInTest" time="16.577"/>
  <testcase classname="DemoMaven.DemoMavenId.NegativeLogInTests" name="negativeLogInTest" time="8.76"/>
</testsuite> <!-- NegativeLogInTests -->
