<?xml version="1.0" encoding="UTF-8"?>
<!-- Generated by org.testng.reporters.JUnitXMLReporter -->
<testsuite ignored="0" hostname="RABIUL" failures="0" tests="2" name="NegativeLogInTests" time="15.95" errors="0" timestamp="2024-03-16T21:42:18 IST">
  <testcase classname="DemoMaven.DemoMavenId.NegativeLogInTests" name="negativeLogInTest" time="8.147"/>
  <testcase classname="DemoMaven.DemoMavenId.NegativeLogInTests" name="negativeLogInTest" time="7.792"/>
</testsuite> <!-- NegativeLogInTests -->
