<?xml version="1.0" encoding="UTF-8"?>
<testng-results ignored="0" total="1" passed="1" failed="0" skipped="0">
  <reporter-output>
  </reporter-output>
  <suite started-at="2024-05-07T17:15:46 IST" name="Default suite" finished-at="2024-05-07T17:15:46 IST" duration-ms="95">
    <groups>
    </groups>
    <test started-at="2024-05-07T17:15:46 IST" name="Default test" finished-at="2024-05-07T17:15:46 IST" duration-ms="95">
      <class name="ArrayExamplePackage.Arrayexercise2">
        <test-method signature="array1()[pri:0, instance:ArrayExamplePackage.Arrayexercise2@742ff096]" started-at="2024-05-07T17:15:46 IST" name="array1" finished-at="2024-05-07T17:15:46 IST" duration-ms="49" status="PASS">
          <reporter-output>
          </reporter-output>
        </test-method> <!-- array1 -->
      </class> <!-- ArrayExamplePackage.Arrayexercise2 -->
    </test> <!-- Default test -->
  </suite> <!-- Default suite -->
</testng-results>
