<?xml version="1.0" encoding="UTF-8"?>
<!-- Generated by org.testng.reporters.JUnitReportReporter -->
<testsuite hostname="RABIUL" failures="0" tests="1" name="DemoMaven.DemoMavenId.IframeTest" time="7.487" errors="0" timestamp="2026-03-10T15:33:17 IST" skipped="0">
  <testcase classname="DemoMaven.DemoMavenId.IframeTest" name="IframeTest" time="7.487"/>
  <system-out>
    <![CDATA[Browser Opened
Browser Maximized
Browser Maximized for browserstack com]]>
  </system-out>
</testsuite> <!-- DemoMaven.DemoMavenId.IframeTest -->
