<?xml version="1.0" encoding="UTF-8"?>
<!-- Generated by org.testng.reporters.JUnitReportReporter -->
<testsuite hostname="RABIUL" failures="0" tests="1" name="DemoMaven.DemoMavenId.Webtable" time="7.192" errors="0" timestamp="2025-05-10T10:21:30 IST" skipped="0">
  <testcase classname="DemoMaven.DemoMavenId.Webtable" name="webtableTest" time="7.192">
    <system-out>
      <![CDATA[columnSize : 5
allrows : 7
tabledata : 
tabledata : FlipKart
tabledata : Sachin Bansal
tabledata : India
tabledata : Know More
tabledata : 
tabledata : Amazon]]>
    </system-out>
  </testcase> <!-- webtableTest -->
  <system-out>
    <![CDATA[columnSize : 5
allrows : 7
tabledata : 
tabledata : FlipKart
tabledata : Sachin Bansal
tabledata : India
tabledata : Know More
tabledata : 
tabledata : Amazon]]>
  </system-out>
</testsuite> <!-- DemoMaven.DemoMavenId.Webtable -->
